[26-Sep-2023 14:44:46 UTC] PHP Warning:  An unexpected error occurred. Something may be wrong with WordPress.org or this server&#8217;s configuration. If you continue to have problems, please try the <a href="https://wordpress.org/support/forums/">support forums</a>. (WordPress could not establish a secure connection to WordPress.org. Please contact your server administrator.) in /Users/trungs_macos/Local Sites/skyward/app/public/wp-admin/includes/update.php on line 154
[30-Sep-2023 04:02:54 UTC] PHP Warning:  Trying to access array offset on value of type null in /Users/trungs_macos/Local Sites/skyward/app/public/wp-content/themes/fictional-university-theme/single-professor.php on line 8
[30-Sep-2023 04:02:54 UTC] PHP Warning:  Trying to access array offset on value of type null in /Users/trungs_macos/Local Sites/skyward/app/public/wp-content/themes/fictional-university-theme/single-professor.php on line 8
[30-Sep-2023 04:03:04 UTC] PHP Warning:  Trying to access array offset on value of type null in /Users/trungs_macos/Local Sites/skyward/app/public/wp-content/themes/fictional-university-theme/single-professor.php on line 8
[30-Sep-2023 04:03:04 UTC] PHP Warning:  Trying to access array offset on value of type null in /Users/trungs_macos/Local Sites/skyward/app/public/wp-content/themes/fictional-university-theme/single-professor.php on line 8
[30-Sep-2023 04:03:59 UTC] PHP Warning:  Trying to access array offset on value of type null in /Users/trungs_macos/Local Sites/skyward/app/public/wp-content/themes/fictional-university-theme/single-professor.php on line 8
[30-Sep-2023 04:03:59 UTC] PHP Warning:  Trying to access array offset on value of type null in /Users/trungs_macos/Local Sites/skyward/app/public/wp-content/themes/fictional-university-theme/single-professor.php on line 8
[30-Sep-2023 04:08:37 UTC] PHP Warning:  Trying to access array offset on value of type null in /Users/trungs_macos/Local Sites/skyward/app/public/wp-content/themes/fictional-university-theme/single-professor.php on line 8
[30-Sep-2023 04:08:37 UTC] PHP Warning:  Trying to access array offset on value of type null in /Users/trungs_macos/Local Sites/skyward/app/public/wp-content/themes/fictional-university-theme/single-professor.php on line 8
[30-Sep-2023 04:08:43 UTC] PHP Warning:  Trying to access array offset on value of type null in /Users/trungs_macos/Local Sites/skyward/app/public/wp-content/themes/fictional-university-theme/single-professor.php on line 8
[30-Sep-2023 04:08:43 UTC] PHP Warning:  Trying to access array offset on value of type null in /Users/trungs_macos/Local Sites/skyward/app/public/wp-content/themes/fictional-university-theme/single-professor.php on line 8
[30-Sep-2023 04:13:37 UTC] PHP Warning:  Undefined array key "size" in /Users/trungs_macos/Local Sites/skyward/app/public/wp-content/plugins/manual-image-crop/lib/ManualImageCropEditorWindow.php on line 39
[30-Sep-2023 09:54:41 UTC] PHP Warning:  Trying to access array offset on value of type null in /Users/trungs_macos/Local Sites/skyward/app/public/wp-content/themes/fictional-university-theme/functions.php on line 8
[30-Sep-2023 09:54:41 UTC] PHP Warning:  Trying to access array offset on value of type null in /Users/trungs_macos/Local Sites/skyward/app/public/wp-content/themes/fictional-university-theme/functions.php on line 8
[30-Sep-2023 09:54:42 UTC] PHP Warning:  Trying to access array offset on value of type null in /Users/trungs_macos/Local Sites/skyward/app/public/wp-content/themes/fictional-university-theme/functions.php on line 8
[30-Sep-2023 09:54:42 UTC] PHP Warning:  Trying to access array offset on value of type null in /Users/trungs_macos/Local Sites/skyward/app/public/wp-content/themes/fictional-university-theme/functions.php on line 8
[30-Sep-2023 09:54:43 UTC] PHP Warning:  Trying to access array offset on value of type null in /Users/trungs_macos/Local Sites/skyward/app/public/wp-content/themes/fictional-university-theme/functions.php on line 8
[30-Sep-2023 09:54:43 UTC] PHP Warning:  Trying to access array offset on value of type null in /Users/trungs_macos/Local Sites/skyward/app/public/wp-content/themes/fictional-university-theme/functions.php on line 8
[30-Sep-2023 09:54:43 UTC] PHP Warning:  Trying to access array offset on value of type null in /Users/trungs_macos/Local Sites/skyward/app/public/wp-content/themes/fictional-university-theme/functions.php on line 8
[30-Sep-2023 09:54:43 UTC] PHP Warning:  Trying to access array offset on value of type null in /Users/trungs_macos/Local Sites/skyward/app/public/wp-content/themes/fictional-university-theme/functions.php on line 8
[30-Sep-2023 09:54:44 UTC] PHP Warning:  Trying to access array offset on value of type null in /Users/trungs_macos/Local Sites/skyward/app/public/wp-content/themes/fictional-university-theme/functions.php on line 8
[30-Sep-2023 09:54:44 UTC] PHP Warning:  Trying to access array offset on value of type null in /Users/trungs_macos/Local Sites/skyward/app/public/wp-content/themes/fictional-university-theme/functions.php on line 8
[30-Sep-2023 09:54:45 UTC] PHP Warning:  Trying to access array offset on value of type null in /Users/trungs_macos/Local Sites/skyward/app/public/wp-content/themes/fictional-university-theme/functions.php on line 8
[30-Sep-2023 09:54:45 UTC] PHP Warning:  Trying to access array offset on value of type null in /Users/trungs_macos/Local Sites/skyward/app/public/wp-content/themes/fictional-university-theme/functions.php on line 8
[30-Sep-2023 09:54:45 UTC] PHP Warning:  Trying to access array offset on value of type null in /Users/trungs_macos/Local Sites/skyward/app/public/wp-content/themes/fictional-university-theme/functions.php on line 8
[30-Sep-2023 09:54:45 UTC] PHP Warning:  Trying to access array offset on value of type null in /Users/trungs_macos/Local Sites/skyward/app/public/wp-content/themes/fictional-university-theme/functions.php on line 8
[30-Sep-2023 09:54:45 UTC] PHP Warning:  Trying to access array offset on value of type null in /Users/trungs_macos/Local Sites/skyward/app/public/wp-content/themes/fictional-university-theme/functions.php on line 8
[30-Sep-2023 09:54:45 UTC] PHP Warning:  Trying to access array offset on value of type null in /Users/trungs_macos/Local Sites/skyward/app/public/wp-content/themes/fictional-university-theme/functions.php on line 8
[30-Sep-2023 09:54:45 UTC] PHP Warning:  Trying to access array offset on value of type null in /Users/trungs_macos/Local Sites/skyward/app/public/wp-content/themes/fictional-university-theme/functions.php on line 8
[30-Sep-2023 09:54:45 UTC] PHP Warning:  Trying to access array offset on value of type null in /Users/trungs_macos/Local Sites/skyward/app/public/wp-content/themes/fictional-university-theme/functions.php on line 8
[30-Sep-2023 09:54:46 UTC] PHP Warning:  Trying to access array offset on value of type null in /Users/trungs_macos/Local Sites/skyward/app/public/wp-content/themes/fictional-university-theme/functions.php on line 8
[30-Sep-2023 09:54:46 UTC] PHP Warning:  Trying to access array offset on value of type null in /Users/trungs_macos/Local Sites/skyward/app/public/wp-content/themes/fictional-university-theme/functions.php on line 8
[30-Sep-2023 09:54:46 UTC] PHP Warning:  Trying to access array offset on value of type null in /Users/trungs_macos/Local Sites/skyward/app/public/wp-content/themes/fictional-university-theme/functions.php on line 8
[30-Sep-2023 09:54:46 UTC] PHP Warning:  Trying to access array offset on value of type null in /Users/trungs_macos/Local Sites/skyward/app/public/wp-content/themes/fictional-university-theme/functions.php on line 8
[30-Sep-2023 09:54:51 UTC] PHP Warning:  Trying to access array offset on value of type null in /Users/trungs_macos/Local Sites/skyward/app/public/wp-content/themes/fictional-university-theme/functions.php on line 8
[30-Sep-2023 09:54:51 UTC] PHP Warning:  Trying to access array offset on value of type null in /Users/trungs_macos/Local Sites/skyward/app/public/wp-content/themes/fictional-university-theme/functions.php on line 8
[30-Sep-2023 09:54:51 UTC] PHP Warning:  Trying to access array offset on value of type null in /Users/trungs_macos/Local Sites/skyward/app/public/wp-content/themes/fictional-university-theme/functions.php on line 8
[30-Sep-2023 09:54:51 UTC] PHP Warning:  Trying to access array offset on value of type null in /Users/trungs_macos/Local Sites/skyward/app/public/wp-content/themes/fictional-university-theme/functions.php on line 8
[30-Sep-2023 09:54:51 UTC] PHP Warning:  Trying to access array offset on value of type null in /Users/trungs_macos/Local Sites/skyward/app/public/wp-content/themes/fictional-university-theme/functions.php on line 8
[30-Sep-2023 09:54:51 UTC] PHP Warning:  Trying to access array offset on value of type null in /Users/trungs_macos/Local Sites/skyward/app/public/wp-content/themes/fictional-university-theme/functions.php on line 8
[30-Sep-2023 09:57:47 UTC] PHP Warning:  Trying to access array offset on value of type null in /Users/trungs_macos/Local Sites/skyward/app/public/wp-content/themes/fictional-university-theme/single-professor.php on line 9
[30-Sep-2023 09:57:47 UTC] PHP Warning:  Trying to access array offset on value of type null in /Users/trungs_macos/Local Sites/skyward/app/public/wp-content/themes/fictional-university-theme/single-professor.php on line 9
[30-Sep-2023 09:57:55 UTC] PHP Warning:  Trying to access array offset on value of type null in /Users/trungs_macos/Local Sites/skyward/app/public/wp-content/themes/fictional-university-theme/single-professor.php on line 9
[30-Sep-2023 09:57:55 UTC] PHP Warning:  Trying to access array offset on value of type null in /Users/trungs_macos/Local Sites/skyward/app/public/wp-content/themes/fictional-university-theme/single-professor.php on line 9
[30-Sep-2023 10:02:17 UTC] PHP Warning:  Trying to access array offset on value of type null in /Users/trungs_macos/Local Sites/skyward/app/public/wp-content/themes/fictional-university-theme/functions.php on line 5
[30-Sep-2023 10:02:17 UTC] PHP Warning:  Undefined array key "subtitle" in /Users/trungs_macos/Local Sites/skyward/app/public/wp-content/themes/fictional-university-theme/functions.php on line 9
[30-Sep-2023 10:02:17 UTC] PHP Warning:  Undefined array key "photo" in /Users/trungs_macos/Local Sites/skyward/app/public/wp-content/themes/fictional-university-theme/functions.php on line 13
[30-Sep-2023 10:02:41 UTC] PHP Warning:  Trying to access array offset on value of type null in /Users/trungs_macos/Local Sites/skyward/app/public/wp-content/themes/fictional-university-theme/functions.php on line 5
[30-Sep-2023 10:02:41 UTC] PHP Warning:  Undefined array key "subtitle" in /Users/trungs_macos/Local Sites/skyward/app/public/wp-content/themes/fictional-university-theme/functions.php on line 9
[30-Sep-2023 10:02:41 UTC] PHP Warning:  Undefined array key "photo" in /Users/trungs_macos/Local Sites/skyward/app/public/wp-content/themes/fictional-university-theme/functions.php on line 13
[30-Sep-2023 10:02:47 UTC] PHP Warning:  Trying to access array offset on value of type null in /Users/trungs_macos/Local Sites/skyward/app/public/wp-content/themes/fictional-university-theme/functions.php on line 5
[30-Sep-2023 10:02:47 UTC] PHP Warning:  Undefined array key "subtitle" in /Users/trungs_macos/Local Sites/skyward/app/public/wp-content/themes/fictional-university-theme/functions.php on line 9
[30-Sep-2023 10:02:47 UTC] PHP Warning:  Undefined array key "photo" in /Users/trungs_macos/Local Sites/skyward/app/public/wp-content/themes/fictional-university-theme/functions.php on line 13
[30-Sep-2023 10:03:16 UTC] PHP Warning:  Trying to access array offset on value of type null in /Users/trungs_macos/Local Sites/skyward/app/public/wp-content/themes/fictional-university-theme/functions.php on line 5
[30-Sep-2023 10:03:16 UTC] PHP Warning:  Undefined array key "subtitle" in /Users/trungs_macos/Local Sites/skyward/app/public/wp-content/themes/fictional-university-theme/functions.php on line 9
[30-Sep-2023 10:03:16 UTC] PHP Warning:  Undefined array key "photo" in /Users/trungs_macos/Local Sites/skyward/app/public/wp-content/themes/fictional-university-theme/functions.php on line 13
[30-Sep-2023 10:04:09 UTC] PHP Warning:  Trying to access array offset on value of type null in /Users/trungs_macos/Local Sites/skyward/app/public/wp-content/themes/fictional-university-theme/functions.php on line 5
[30-Sep-2023 10:04:09 UTC] PHP Warning:  Undefined array key "subtitle" in /Users/trungs_macos/Local Sites/skyward/app/public/wp-content/themes/fictional-university-theme/functions.php on line 9
[30-Sep-2023 10:04:09 UTC] PHP Warning:  Undefined array key "photo" in /Users/trungs_macos/Local Sites/skyward/app/public/wp-content/themes/fictional-university-theme/functions.php on line 13
[30-Sep-2023 10:05:44 UTC] PHP Warning:  Undefined array key "subtitle" in /Users/trungs_macos/Local Sites/skyward/app/public/wp-content/themes/fictional-university-theme/functions.php on line 10
[30-Sep-2023 10:05:44 UTC] PHP Warning:  Undefined array key "photo" in /Users/trungs_macos/Local Sites/skyward/app/public/wp-content/themes/fictional-university-theme/functions.php on line 14
[30-Sep-2023 10:09:37 UTC] PHP Warning:  Undefined array key "photo" in /Users/trungs_macos/Local Sites/skyward/app/public/wp-content/themes/fictional-university-theme/functions.php on line 13
