[24-Sep-2023 23:23:35] NOTICE: fpm is running, pid 58869
[24-Sep-2023 23:23:35] NOTICE: ready to handle connections
[24-Sep-2023 23:57:59] NOTICE: Terminating ...
[24-Sep-2023 23:57:59] NOTICE: Terminating ...
[24-Sep-2023 23:57:59] NOTICE: exiting, bye-bye!
[24-Sep-2023 23:58:09] NOTICE: fpm is running, pid 61939
[24-Sep-2023 23:58:09] NOTICE: ready to handle connections
[30-Sep-2023 16:48:15] ERROR: Another FPM instance seems to already listen on /Users/trungs_macos/Library/Application Support/Local/run/vDdBA-sM5/php/php-fpm.socket
[30-Sep-2023 16:48:15] ERROR: FPM initialization failed
[30-Sep-2023 16:48:15] ERROR: Another FPM instance seems to already listen on /Users/trungs_macos/Library/Application Support/Local/run/vDdBA-sM5/php/php-fpm.socket
[30-Sep-2023 16:48:15] ERROR: FPM initialization failed
[30-Sep-2023 16:48:16] ERROR: Another FPM instance seems to already listen on /Users/trungs_macos/Library/Application Support/Local/run/vDdBA-sM5/php/php-fpm.socket
[30-Sep-2023 16:48:16] ERROR: FPM initialization failed
[30-Sep-2023 16:48:16] ERROR: Another FPM instance seems to already listen on /Users/trungs_macos/Library/Application Support/Local/run/vDdBA-sM5/php/php-fpm.socket
[30-Sep-2023 16:48:16] ERROR: FPM initialization failed
[02-Oct-2023 19:34:01] ERROR: Another FPM instance seems to already listen on /Users/trungs_macos/Library/Application Support/Local/run/vDdBA-sM5/php/php-fpm.socket
[02-Oct-2023 19:34:01] ERROR: FPM initialization failed
[02-Oct-2023 19:34:01] ERROR: Another FPM instance seems to already listen on /Users/trungs_macos/Library/Application Support/Local/run/vDdBA-sM5/php/php-fpm.socket
[02-Oct-2023 19:34:01] ERROR: FPM initialization failed
[02-Oct-2023 19:34:02] ERROR: Another FPM instance seems to already listen on /Users/trungs_macos/Library/Application Support/Local/run/vDdBA-sM5/php/php-fpm.socket
[02-Oct-2023 19:34:02] ERROR: FPM initialization failed
[02-Oct-2023 19:34:03] ERROR: Another FPM instance seems to already listen on /Users/trungs_macos/Library/Application Support/Local/run/vDdBA-sM5/php/php-fpm.socket
[02-Oct-2023 19:34:03] ERROR: FPM initialization failed
